Arguments: 
  /usr/bin/node /home/jmiller/.npm/bin/yarn add lazy_static regex

PATH: 
  /home/jmiller/.cargo/bin:/home/jmiller/.cargo/bin:/usr/local/sbin:/usr/local/bin:/usr/sbin:/usr/bin:/sbin:/bin:/usr/games:/usr/local/games:/snap/bin:/home/jmiller/.npm/bin:/home/jmiller/.cargo/bin:/home/jmiller/.npm/bin:/home/jmiller/.cargo/bin

Yarn version: 
  1.12.3

Node version: 
  11.2.0

Platform: 
  linux x64

Trace: 
  Error: https://registry.yarnpkg.com/lazy_static: Not found
      at Request.params.callback [as _callback] (/home/jmiller/.npm/lib/node_modules/yarn/lib/cli.js:65894:18)
      at Request.self.callback (/home/jmiller/.npm/lib/node_modules/yarn/lib/cli.js:129018:22)
      at Request.emit (events.js:182:13)
      at Request.<anonymous> (/home/jmiller/.npm/lib/node_modules/yarn/lib/cli.js:129990:10)
      at Request.emit (events.js:182:13)
      at IncomingMessage.<anonymous> (/home/jmiller/.npm/lib/node_modules/yarn/lib/cli.js:129912:12)
      at Object.onceWrapper (events.js:273:13)
      at IncomingMessage.emit (events.js:187:15)
      at endReadableNT (_stream_readable.js:1098:12)
      at process.internalTickCallback (internal/process/next_tick.js:72:19)

npm manifest: 
  No manifest

yarn manifest: 
  No manifest

Lockfile: 
  No lockfile
